2022-06-04 18:37:07.285  INFO 9756 --- [main] m.e.hotel.HotelDocumentTest              : Starting HotelDocumentTest using Java 16.0.2 on mao with PID 9756 (started by mao in H:\程序\大三下期\elasticsearch_hotel实现数据同步)
2022-06-04 18:37:07.287 DEBUG 9756 --- [main] m.e.hotel.HotelDocumentTest              : Running with Spring Boot v2.7.0, Spring v5.3.20
2022-06-04 18:37:07.287  INFO 9756 --- [main] m.e.hotel.HotelDocumentTest              : The following 1 profile is active: "dev"
2022-06-04 18:37:08.479  INFO 9756 --- [main] c.a.d.s.b.a.DruidDataSourceAutoConfigure : Init DruidDataSource
2022-06-04 18:37:08.818  INFO 9756 --- [main] com.alibaba.druid.pool.DruidDataSource   : {dataSource-1} inited
2022-06-04 18:37:10.871  INFO 9756 --- [main] m.e.hotel.HotelDocumentTest              : Started HotelDocumentTest in 4.02 seconds (JVM running for 5.559)
2022-06-04 18:37:11.887 DEBUG 9756 --- [main] m.e.mapper.HotelMapper.selectById        : ==>  Preparing: SELECT id,name,address,price,score,brand,city,star_name,business,longitude,latitude,pic FROM tb_hotel WHERE id=?
2022-06-04 18:37:11.921 DEBUG 9756 --- [main] m.e.mapper.HotelMapper.selectById        : ==> Parameters: 61083(Long)
2022-06-04 18:37:11.955 DEBUG 9756 --- [main] m.e.mapper.HotelMapper.selectById        : <==      Total: 1
2022-06-04 18:37:12.287  INFO 9756 --- [SpringApplicationShutdownHook] com.alibaba.druid.pool.DruidDataSource   : {dataSource-1} closing ...
2022-06-04 18:37:12.292  INFO 9756 --- [SpringApplicationShutdownHook] com.alibaba.druid.pool.DruidDataSource   : {dataSource-1} closed
2022-06-04 19:15:23.220  INFO 16620 --- [main] m.e.hotel.HotelDocumentTest              : Starting HotelDocumentTest using Java 16.0.2 on mao with PID 16620 (started by mao in H:\程序\大三下期\elasticsearch_hotel实现数据同步)
2022-06-04 19:15:23.221 DEBUG 16620 --- [main] m.e.hotel.HotelDocumentTest              : Running with Spring Boot v2.7.0, Spring v5.3.20
2022-06-04 19:15:23.222  INFO 16620 --- [main] m.e.hotel.HotelDocumentTest              : The following 1 profile is active: "dev"
2022-06-04 19:15:24.469  INFO 16620 --- [main] c.a.d.s.b.a.DruidDataSourceAutoConfigure : Init DruidDataSource
2022-06-04 19:15:24.716  INFO 16620 --- [main] com.alibaba.druid.pool.DruidDataSource   : {dataSource-1} inited
2022-06-04 19:15:26.766  INFO 16620 --- [main] o.s.a.r.c.CachingConnectionFactory       : Attempting to connect to: [localhost:5672]
2022-06-04 19:15:26.867  INFO 16620 --- [main] o.s.a.r.c.CachingConnectionFactory       : Created new connection: rabbitConnectionFactory#68821f6:0/SimpleConnection@22429a11 [delegate=amqp://guest@127.0.0.1:5672/, localPort= 62976]
2022-06-04 19:15:26.873  INFO 16620 --- [main] o.s.amqp.rabbit.core.RabbitAdmin         : Auto-declaring a non-durable or auto-delete Exchange (hotel.exchange) durable:false, auto-delete:false. It will be deleted by the broker if it shuts down, and can be redeclared by closing and reopening the connection.
2022-06-04 19:15:26.873  INFO 16620 --- [main] o.s.amqp.rabbit.core.RabbitAdmin         : Auto-declaring a non-durable, auto-delete, or exclusive Queue (hotel.insert.queue) durable:false, auto-delete:false, exclusive:false. It will be redeclared if the broker stops and is restarted while the connection factory is alive, but all messages will be lost.
2022-06-04 19:15:26.873  INFO 16620 --- [main] o.s.amqp.rabbit.core.RabbitAdmin         : Auto-declaring a non-durable, auto-delete, or exclusive Queue (hotel.delete.queue) durable:false, auto-delete:false, exclusive:false. It will be redeclared if the broker stops and is restarted while the connection factory is alive, but all messages will be lost.
2022-06-04 19:15:27.016  INFO 16620 --- [main] m.e.hotel.HotelDocumentTest              : Started HotelDocumentTest in 4.186 seconds (JVM running for 5.341)
2022-06-04 19:15:27.772 DEBUG 16620 --- [main] m.e.mapper.HotelMapper.selectById        : ==>  Preparing: SELECT id,name,address,price,score,brand,city,star_name,business,longitude,latitude,pic FROM tb_hotel WHERE id=?
2022-06-04 19:15:27.799 DEBUG 16620 --- [main] m.e.mapper.HotelMapper.selectById        : ==> Parameters: 61083(Long)
2022-06-04 19:15:27.831 DEBUG 16620 --- [main] m.e.mapper.HotelMapper.selectById        : <==      Total: 1
2022-06-04 19:15:28.067  INFO 16620 --- [org.springframework.amqp.rabbit.RabbitListenerEndpointContainer#0-2] o.s.a.r.l.SimpleMessageListenerContainer : Waiting for workers to finish.
2022-06-04 19:15:28.068  INFO 16620 --- [org.springframework.amqp.rabbit.RabbitListenerEndpointContainer#1-2] o.s.a.r.l.SimpleMessageListenerContainer : Waiting for workers to finish.
2022-06-04 19:15:29.005  INFO 16620 --- [org.springframework.amqp.rabbit.RabbitListenerEndpointContainer#0-2] o.s.a.r.l.SimpleMessageListenerContainer : Successfully waited for workers to finish.
2022-06-04 19:15:29.019  INFO 16620 --- [org.springframework.amqp.rabbit.RabbitListenerEndpointContainer#1-2] o.s.a.r.l.SimpleMessageListenerContainer : Successfully waited for workers to finish.
2022-06-04 19:15:29.022  INFO 16620 --- [SpringApplicationShutdownHook] o.s.a.r.l.SimpleMessageListenerContainer : Shutdown ignored - container is already stopped
2022-06-04 19:15:29.023  INFO 16620 --- [SpringApplicationShutdownHook] o.s.a.r.l.SimpleMessageListenerContainer : Shutdown ignored - container is already stopped
2022-06-04 19:15:29.039  INFO 16620 --- [SpringApplicationShutdownHook] com.alibaba.druid.pool.DruidDataSource   : {dataSource-1} closing ...
2022-06-04 19:15:29.043  INFO 16620 --- [SpringApplicationShutdownHook] com.alibaba.druid.pool.DruidDataSource   : {dataSource-1} closed
2022-06-04 19:15:51.085  INFO 12256 --- [restartedMain] telRealizeDataSynchronizationApplication : Starting ElasticsearchHotelRealizeDataSynchronizationApplication using Java 16.0.2 on mao with PID 12256 (H:\程序\大三下期\elasticsearch_hotel实现数据同步\target\classes started by mao in H:\程序\大三下期\elasticsearch_hotel实现数据同步)
2022-06-04 19:15:51.086 DEBUG 12256 --- [restartedMain] telRealizeDataSynchronizationApplication : Running with Spring Boot v2.7.0, Spring v5.3.20
2022-06-04 19:15:51.086  INFO 12256 --- [restartedMain] telRealizeDataSynchronizationApplication : The following 1 profile is active: "dev"
2022-06-04 19:15:51.121  INFO 12256 --- [restartedMain] .e.DevToolsPropertyDefaultsPostProcessor : Devtools property defaults active! Set 'spring.devtools.add-properties' to 'false' to disable
2022-06-04 19:15:51.122  INFO 12256 --- [restartedMain] .e.DevToolsPropertyDefaultsPostProcessor : For additional web related logging consider setting the 'logging.level.web' property to 'DEBUG'
2022-06-04 19:15:52.024  INFO 12256 --- [restartedMain] o.s.b.w.embedded.tomcat.TomcatWebServer  : Tomcat initialized with port(s): 8089 (http)
2022-06-04 19:15:52.031  INFO 12256 --- [restartedMain] o.apache.catalina.core.StandardService   : Starting service [Tomcat]
2022-06-04 19:15:52.031  INFO 12256 --- [restartedMain] org.apache.catalina.core.StandardEngine  : Starting Servlet engine: [Apache Tomcat/9.0.63]
2022-06-04 19:15:52.111  INFO 12256 --- [restartedMain] o.a.c.c.C.[Tomcat].[localhost].[/]       : Initializing Spring embedded WebApplicationContext
2022-06-04 19:15:52.111  INFO 12256 --- [restartedMain] w.s.c.ServletWebServerApplicationContext : Root WebApplicationContext: initialization completed in 989 ms
2022-06-04 19:15:52.179  INFO 12256 --- [restartedMain] c.a.d.s.b.a.DruidDataSourceAutoConfigure : Init DruidDataSource
2022-06-04 19:15:52.274  INFO 12256 --- [restartedMain] com.alibaba.druid.pool.DruidDataSource   : {dataSource-1} inited
2022-06-04 19:15:53.106  INFO 12256 --- [restartedMain] o.s.b.d.a.OptionalLiveReloadServer       : LiveReload server is running on port 35729
2022-06-04 19:15:53.188  INFO 12256 --- [restartedMain] o.s.b.w.embedded.tomcat.TomcatWebServer  : Tomcat started on port(s): 8089 (http) with context path ''
2022-06-04 19:15:53.190  INFO 12256 --- [restartedMain] o.s.a.r.c.CachingConnectionFactory       : Attempting to connect to: [localhost:5672]
2022-06-04 19:15:53.211  INFO 12256 --- [restartedMain] o.s.a.r.c.CachingConnectionFactory       : Created new connection: rabbitConnectionFactory#659e5e56:0/SimpleConnection@5e94b268 [delegate=amqp://guest@127.0.0.1:5672/, localPort= 63018]
2022-06-04 19:15:53.215  INFO 12256 --- [restartedMain] o.s.amqp.rabbit.core.RabbitAdmin         : Auto-declaring a non-durable or auto-delete Exchange (hotel.exchange) durable:false, auto-delete:false. It will be deleted by the broker if it shuts down, and can be redeclared by closing and reopening the connection.
2022-06-04 19:15:53.215  INFO 12256 --- [restartedMain] o.s.amqp.rabbit.core.RabbitAdmin         : Auto-declaring a non-durable, auto-delete, or exclusive Queue (hotel.insert.queue) durable:false, auto-delete:false, exclusive:false. It will be redeclared if the broker stops and is restarted while the connection factory is alive, but all messages will be lost.
2022-06-04 19:15:53.215  INFO 12256 --- [restartedMain] o.s.amqp.rabbit.core.RabbitAdmin         : Auto-declaring a non-durable, auto-delete, or exclusive Queue (hotel.delete.queue) durable:false, auto-delete:false, exclusive:false. It will be redeclared if the broker stops and is restarted while the connection factory is alive, but all messages will be lost.
2022-06-04 19:15:53.270  INFO 12256 --- [restartedMain] telRealizeDataSynchronizationApplication : Started ElasticsearchHotelRealizeDataSynchronizationApplication in 2.539 seconds (JVM running for 3.134)
2022-06-04 19:17:12.016  INFO 12256 --- [http-nio-8089-exec-1] o.a.c.c.C.[Tomcat].[localhost].[/]       : Initializing Spring DispatcherServlet 'dispatcherServlet'
2022-06-04 19:17:12.016  INFO 12256 --- [http-nio-8089-exec-1] o.s.web.servlet.DispatcherServlet        : Initializing Servlet 'dispatcherServlet'
2022-06-04 19:17:12.017  INFO 12256 --- [http-nio-8089-exec-1] o.s.web.servlet.DispatcherServlet        : Completed initialization in 1 ms
2022-06-04 19:18:27.948  INFO 12256 --- [org.springframework.amqp.rabbit.RabbitListenerEndpointContainer#0-2] o.s.a.r.l.SimpleMessageListenerContainer : Waiting for workers to finish.
2022-06-04 19:18:27.949  INFO 12256 --- [org.springframework.amqp.rabbit.RabbitListenerEndpointContainer#1-2] o.s.a.r.l.SimpleMessageListenerContainer : Waiting for workers to finish.
2022-06-04 19:18:28.599  INFO 12256 --- [org.springframework.amqp.rabbit.RabbitListenerEndpointContainer#0-2] o.s.a.r.l.SimpleMessageListenerContainer : Successfully waited for workers to finish.
2022-06-04 19:18:28.599  INFO 12256 --- [org.springframework.amqp.rabbit.RabbitListenerEndpointContainer#1-2] o.s.a.r.l.SimpleMessageListenerContainer : Successfully waited for workers to finish.
2022-06-04 19:18:28.625  INFO 12256 --- [SpringApplicationShutdownHook] o.s.a.r.l.SimpleMessageListenerContainer : Shutdown ignored - container is already stopped
2022-06-04 19:18:28.625  INFO 12256 --- [SpringApplicationShutdownHook] o.s.a.r.l.SimpleMessageListenerContainer : Shutdown ignored - container is already stopped
2022-06-04 19:18:28.631  INFO 12256 --- [SpringApplicationShutdownHook] com.alibaba.druid.pool.DruidDataSource   : {dataSource-1} closing ...
2022-06-04 19:18:28.632  INFO 12256 --- [SpringApplicationShutdownHook] com.alibaba.druid.pool.DruidDataSource   : {dataSource-1} closed
2022-06-04 19:18:43.615  INFO 15288 --- [restartedMain] telRealizeDataSynchronizationApplication : Starting ElasticsearchHotelRealizeDataSynchronizationApplication using Java 16.0.2 on mao with PID 15288 (H:\程序\大三下期\elasticsearch_hotel实现数据同步\target\classes started by mao in H:\程序\大三下期\elasticsearch_hotel实现数据同步)
2022-06-04 19:18:43.616 DEBUG 15288 --- [restartedMain] telRealizeDataSynchronizationApplication : Running with Spring Boot v2.7.0, Spring v5.3.20
2022-06-04 19:18:43.617  INFO 15288 --- [restartedMain] telRealizeDataSynchronizationApplication : The following 1 profile is active: "dev"
2022-06-04 19:18:43.653  INFO 15288 --- [restartedMain] .e.DevToolsPropertyDefaultsPostProcessor : Devtools property defaults active! Set 'spring.devtools.add-properties' to 'false' to disable
2022-06-04 19:18:43.653  INFO 15288 --- [restartedMain] .e.DevToolsPropertyDefaultsPostProcessor : For additional web related logging consider setting the 'logging.level.web' property to 'DEBUG'
2022-06-04 19:18:44.517  INFO 15288 --- [restartedMain] o.s.b.w.embedded.tomcat.TomcatWebServer  : Tomcat initialized with port(s): 8089 (http)
2022-06-04 19:18:44.524  INFO 15288 --- [restartedMain] o.apache.catalina.core.StandardService   : Starting service [Tomcat]
2022-06-04 19:18:44.525  INFO 15288 --- [restartedMain] org.apache.catalina.core.StandardEngine  : Starting Servlet engine: [Apache Tomcat/9.0.63]
2022-06-04 19:18:44.599  INFO 15288 --- [restartedMain] o.a.c.c.C.[Tomcat].[localhost].[/]       : Initializing Spring embedded WebApplicationContext
2022-06-04 19:18:44.600  INFO 15288 --- [restartedMain] w.s.c.ServletWebServerApplicationContext : Root WebApplicationContext: initialization completed in 946 ms
2022-06-04 19:18:44.666  INFO 15288 --- [restartedMain] c.a.d.s.b.a.DruidDataSourceAutoConfigure : Init DruidDataSource
2022-06-04 19:18:44.763  INFO 15288 --- [restartedMain] com.alibaba.druid.pool.DruidDataSource   : {dataSource-1} inited
2022-06-04 19:18:45.586  INFO 15288 --- [restartedMain] o.s.b.d.a.OptionalLiveReloadServer       : LiveReload server is running on port 35729
2022-06-04 19:18:45.665  INFO 15288 --- [restartedMain] o.s.b.w.embedded.tomcat.TomcatWebServer  : Tomcat started on port(s): 8089 (http) with context path ''
2022-06-04 19:18:45.667  INFO 15288 --- [restartedMain] o.s.a.r.c.CachingConnectionFactory       : Attempting to connect to: [localhost:5672]
2022-06-04 19:18:45.689  INFO 15288 --- [restartedMain] o.s.a.r.c.CachingConnectionFactory       : Created new connection: rabbitConnectionFactory#1d470304:0/SimpleConnection@33b9f6ca [delegate=amqp://guest@127.0.0.1:5672/, localPort= 63383]
2022-06-04 19:18:45.692  INFO 15288 --- [restartedMain] o.s.amqp.rabbit.core.RabbitAdmin         : Auto-declaring a non-durable or auto-delete Exchange (hotel.exchange) durable:false, auto-delete:false. It will be deleted by the broker if it shuts down, and can be redeclared by closing and reopening the connection.
2022-06-04 19:18:45.692  INFO 15288 --- [restartedMain] o.s.amqp.rabbit.core.RabbitAdmin         : Auto-declaring a non-durable, auto-delete, or exclusive Queue (hotel.insert.queue) durable:false, auto-delete:false, exclusive:false. It will be redeclared if the broker stops and is restarted while the connection factory is alive, but all messages will be lost.
2022-06-04 19:18:45.692  INFO 15288 --- [restartedMain] o.s.amqp.rabbit.core.RabbitAdmin         : Auto-declaring a non-durable, auto-delete, or exclusive Queue (hotel.delete.queue) durable:false, auto-delete:false, exclusive:false. It will be redeclared if the broker stops and is restarted while the connection factory is alive, but all messages will be lost.
2022-06-04 19:18:45.735  INFO 15288 --- [restartedMain] telRealizeDataSynchronizationApplication : Started ElasticsearchHotelRealizeDataSynchronizationApplication in 2.455 seconds (JVM running for 3.049)
2022-06-04 19:19:42.279  INFO 15288 --- [http-nio-8089-exec-1] o.a.c.c.C.[Tomcat].[localhost].[/]       : Initializing Spring DispatcherServlet 'dispatcherServlet'
2022-06-04 19:19:42.279  INFO 15288 --- [http-nio-8089-exec-1] o.s.web.servlet.DispatcherServlet        : Initializing Servlet 'dispatcherServlet'
2022-06-04 19:19:42.280  INFO 15288 --- [http-nio-8089-exec-1] o.s.web.servlet.DispatcherServlet        : Completed initialization in 1 ms
2022-06-04 19:22:20.529  INFO 15288 --- [org.springframework.amqp.rabbit.RabbitListenerEndpointContainer#0-2] o.s.a.r.l.SimpleMessageListenerContainer : Waiting for workers to finish.
2022-06-04 19:22:20.530  INFO 15288 --- [org.springframework.amqp.rabbit.RabbitListenerEndpointContainer#1-2] o.s.a.r.l.SimpleMessageListenerContainer : Waiting for workers to finish.
2022-06-04 19:22:20.578  INFO 15288 --- [org.springframework.amqp.rabbit.RabbitListenerEndpointContainer#0-2] o.s.a.r.l.SimpleMessageListenerContainer : Successfully waited for workers to finish.
2022-06-04 19:22:20.578  INFO 15288 --- [org.springframework.amqp.rabbit.RabbitListenerEndpointContainer#1-2] o.s.a.r.l.SimpleMessageListenerContainer : Successfully waited for workers to finish.
