2022-06-04 20:19:13.763  INFO 2476 --- [org.springframework.amqp.rabbit.RabbitListenerEndpointContainer#1-2] o.s.a.r.l.SimpleMessageListenerContainer : Waiting for workers to finish.
2022-06-04 20:19:13.761  INFO 2476 --- [org.springframework.amqp.rabbit.RabbitListenerEndpointContainer#0-2] o.s.a.r.l.SimpleMessageListenerContainer : Waiting for workers to finish.
2022-06-04 20:19:13.913  INFO 2476 --- [org.springframework.amqp.rabbit.RabbitListenerEndpointContainer#1-2] o.s.a.r.l.SimpleMessageListenerContainer : Successfully waited for workers to finish.
2022-06-04 20:19:14.005  INFO 2476 --- [org.springframework.amqp.rabbit.RabbitListenerEndpointContainer#0-2] o.s.a.r.l.SimpleMessageListenerContainer : Successfully waited for workers to finish.
2022-06-04 20:19:14.021  INFO 2476 --- [Thread-11] o.s.a.r.l.SimpleMessageListenerContainer : Shutdown ignored - container is already stopped
2022-06-04 20:19:14.021  INFO 2476 --- [Thread-11] o.s.a.r.l.SimpleMessageListenerContainer : Shutdown ignored - container is already stopped
2022-06-04 20:19:14.023  INFO 2476 --- [Thread-11] com.alibaba.druid.pool.DruidDataSource   : {dataSource-3} closing ...
2022-06-04 20:19:14.023  INFO 2476 --- [Thread-11] com.alibaba.druid.pool.DruidDataSource   : {dataSource-3} closed
2022-06-04 20:19:14.109  INFO 2476 --- [restartedMain] telRealizeDataSynchronizationApplication : Starting ElasticsearchHotelRealizeDataSynchronizationApplication using Java 16.0.2 on mao with PID 2476 (H:\程序\大三下期\elasticsearch_hotel实现数据同步\target\classes started by mao in H:\程序\大三下期\elasticsearch_hotel实现数据同步)
2022-06-04 20:19:14.109 DEBUG 2476 --- [restartedMain] telRealizeDataSynchronizationApplication : Running with Spring Boot v2.7.0, Spring v5.3.20
2022-06-04 20:19:14.109  INFO 2476 --- [restartedMain] telRealizeDataSynchronizationApplication : The following 1 profile is active: "dev"
2022-06-04 20:19:14.327  INFO 2476 --- [restartedMain] o.s.b.w.embedded.tomcat.TomcatWebServer  : Tomcat initialized with port(s): 8089 (http)
2022-06-04 20:19:14.327  INFO 2476 --- [restartedMain] o.apache.catalina.core.StandardService   : Starting service [Tomcat]
2022-06-04 20:19:14.327  INFO 2476 --- [restartedMain] org.apache.catalina.core.StandardEngine  : Starting Servlet engine: [Apache Tomcat/9.0.63]
2022-06-04 20:19:14.353  INFO 2476 --- [restartedMain] o.a.c.c.C.[Tomcat].[localhost].[/]       : Initializing Spring embedded WebApplicationContext
2022-06-04 20:19:14.353  INFO 2476 --- [restartedMain] w.s.c.ServletWebServerApplicationContext : Root WebApplicationContext: initialization completed in 242 ms
2022-06-04 20:19:14.368  INFO 2476 --- [restartedMain] c.a.d.s.b.a.DruidDataSourceAutoConfigure : Init DruidDataSource
2022-06-04 20:19:14.400  INFO 2476 --- [restartedMain] com.alibaba.druid.pool.DruidDataSource   : {dataSource-4} inited
2022-06-04 20:19:14.509  INFO 2476 --- [restartedMain] o.s.b.a.w.s.WelcomePageHandlerMapping    : Adding welcome page: class path resource [static/index.html]
2022-06-04 20:19:14.568  INFO 2476 --- [restartedMain] o.s.b.d.a.OptionalLiveReloadServer       : LiveReload server is running on port 35729
2022-06-04 20:19:14.590  INFO 2476 --- [restartedMain] o.s.b.w.embedded.tomcat.TomcatWebServer  : Tomcat started on port(s): 8089 (http) with context path ''
2022-06-04 20:19:14.590  INFO 2476 --- [restartedMain] o.s.a.r.c.CachingConnectionFactory       : Attempting to connect to: [localhost:5672]
2022-06-04 20:19:14.594  INFO 2476 --- [restartedMain] o.s.a.r.c.CachingConnectionFactory       : Created new connection: rabbitConnectionFactory#3e2e3467:0/SimpleConnection@2e7ba304 [delegate=amqp://guest@127.0.0.1:5672/, localPort= 62946]
2022-06-04 20:19:14.595  INFO 2476 --- [restartedMain] o.s.amqp.rabbit.core.RabbitAdmin         : Auto-declaring a non-durable or auto-delete Exchange (hotel.exchange) durable:false, auto-delete:false. It will be deleted by the broker if it shuts down, and can be redeclared by closing and reopening the connection.
2022-06-04 20:19:14.595  INFO 2476 --- [restartedMain] o.s.amqp.rabbit.core.RabbitAdmin         : Auto-declaring a non-durable, auto-delete, or exclusive Queue (hotel.insert.queue) durable:false, auto-delete:false, exclusive:false. It will be redeclared if the broker stops and is restarted while the connection factory is alive, but all messages will be lost.
2022-06-04 20:19:14.595  INFO 2476 --- [restartedMain] o.s.amqp.rabbit.core.RabbitAdmin         : Auto-declaring a non-durable, auto-delete, or exclusive Queue (hotel.delete.queue) durable:false, auto-delete:false, exclusive:false. It will be redeclared if the broker stops and is restarted while the connection factory is alive, but all messages will be lost.
2022-06-04 20:19:14.606  INFO 2476 --- [restartedMain] telRealizeDataSynchronizationApplication : Started ElasticsearchHotelRealizeDataSynchronizationApplication in 0.535 seconds (JVM running for 871.05)
2022-06-04 20:19:14.607  INFO 2476 --- [restartedMain] .ConditionEvaluationDeltaLoggingListener : Condition evaluation unchanged
2022-06-04 20:19:15.997  INFO 2476 --- [org.springframework.amqp.rabbit.RabbitListenerEndpointContainer#0-2] o.s.a.r.l.SimpleMessageListenerContainer : Waiting for workers to finish.
2022-06-04 20:19:15.998  INFO 2476 --- [org.springframework.amqp.rabbit.RabbitListenerEndpointContainer#1-2] o.s.a.r.l.SimpleMessageListenerContainer : Waiting for workers to finish.
2022-06-04 20:19:16.628  INFO 2476 --- [org.springframework.amqp.rabbit.RabbitListenerEndpointContainer#1-2] o.s.a.r.l.SimpleMessageListenerContainer : Successfully waited for workers to finish.
2022-06-04 20:19:16.628  INFO 2476 --- [org.springframework.amqp.rabbit.RabbitListenerEndpointContainer#0-2] o.s.a.r.l.SimpleMessageListenerContainer : Successfully waited for workers to finish.
2022-06-04 20:19:16.647  INFO 2476 --- [Thread-15] o.s.a.r.l.SimpleMessageListenerContainer : Shutdown ignored - container is already stopped
2022-06-04 20:19:16.647  INFO 2476 --- [Thread-15] o.s.a.r.l.SimpleMessageListenerContainer : Shutdown ignored - container is already stopped
2022-06-04 20:19:16.649  INFO 2476 --- [Thread-15] com.alibaba.druid.pool.DruidDataSource   : {dataSource-4} closing ...
2022-06-04 20:19:16.649  INFO 2476 --- [Thread-15] com.alibaba.druid.pool.DruidDataSource   : {dataSource-4} closed
2022-06-04 20:19:16.710  INFO 2476 --- [restartedMain] telRealizeDataSynchronizationApplication : Starting ElasticsearchHotelRealizeDataSynchronizationApplication using Java 16.0.2 on mao with PID 2476 (H:\程序\大三下期\elasticsearch_hotel实现数据同步\target\classes started by mao in H:\程序\大三下期\elasticsearch_hotel实现数据同步)
2022-06-04 20:19:16.710 DEBUG 2476 --- [restartedMain] telRealizeDataSynchronizationApplication : Running with Spring Boot v2.7.0, Spring v5.3.20
2022-06-04 20:19:16.710  INFO 2476 --- [restartedMain] telRealizeDataSynchronizationApplication : The following 1 profile is active: "dev"
2022-06-04 20:19:16.882  INFO 2476 --- [restartedMain] o.s.b.w.embedded.tomcat.TomcatWebServer  : Tomcat initialized with port(s): 8089 (http)
2022-06-04 20:19:16.883  INFO 2476 --- [restartedMain] o.apache.catalina.core.StandardService   : Starting service [Tomcat]
2022-06-04 20:19:16.883  INFO 2476 --- [restartedMain] org.apache.catalina.core.StandardEngine  : Starting Servlet engine: [Apache Tomcat/9.0.63]
2022-06-04 20:19:16.904  INFO 2476 --- [restartedMain] o.a.c.c.C.[Tomcat].[localhost].[/]       : Initializing Spring embedded WebApplicationContext
2022-06-04 20:19:16.904  INFO 2476 --- [restartedMain] w.s.c.ServletWebServerApplicationContext : Root WebApplicationContext: initialization completed in 193 ms
2022-06-04 20:19:16.921  INFO 2476 --- [restartedMain] c.a.d.s.b.a.DruidDataSourceAutoConfigure : Init DruidDataSource
2022-06-04 20:19:16.952  INFO 2476 --- [restartedMain] com.alibaba.druid.pool.DruidDataSource   : {dataSource-5} inited
2022-06-04 20:19:17.047  INFO 2476 --- [restartedMain] o.s.b.a.w.s.WelcomePageHandlerMapping    : Adding welcome page: class path resource [static/index.html]
2022-06-04 20:19:17.099  INFO 2476 --- [restartedMain] o.s.b.d.a.OptionalLiveReloadServer       : LiveReload server is running on port 35729
2022-06-04 20:19:17.119  INFO 2476 --- [restartedMain] o.s.b.w.embedded.tomcat.TomcatWebServer  : Tomcat started on port(s): 8089 (http) with context path ''
2022-06-04 20:19:17.120  INFO 2476 --- [restartedMain] o.s.a.r.c.CachingConnectionFactory       : Attempting to connect to: [localhost:5672]
2022-06-04 20:19:17.124  INFO 2476 --- [restartedMain] o.s.a.r.c.CachingConnectionFactory       : Created new connection: rabbitConnectionFactory#d7958f7:0/SimpleConnection@1c9fa5b0 [delegate=amqp://guest@127.0.0.1:5672/, localPort= 62955]
2022-06-04 20:19:17.124  INFO 2476 --- [restartedMain] o.s.amqp.rabbit.core.RabbitAdmin         : Auto-declaring a non-durable or auto-delete Exchange (hotel.exchange) durable:false, auto-delete:false. It will be deleted by the broker if it shuts down, and can be redeclared by closing and reopening the connection.
2022-06-04 20:19:17.124  INFO 2476 --- [restartedMain] o.s.amqp.rabbit.core.RabbitAdmin         : Auto-declaring a non-durable, auto-delete, or exclusive Queue (hotel.insert.queue) durable:false, auto-delete:false, exclusive:false. It will be redeclared if the broker stops and is restarted while the connection factory is alive, but all messages will be lost.
2022-06-04 20:19:17.124  INFO 2476 --- [restartedMain] o.s.amqp.rabbit.core.RabbitAdmin         : Auto-declaring a non-durable, auto-delete, or exclusive Queue (hotel.delete.queue) durable:false, auto-delete:false, exclusive:false. It will be redeclared if the broker stops and is restarted while the connection factory is alive, but all messages will be lost.
2022-06-04 20:19:17.137  INFO 2476 --- [restartedMain] telRealizeDataSynchronizationApplication : Started ElasticsearchHotelRealizeDataSynchronizationApplication in 0.454 seconds (JVM running for 873.581)
2022-06-04 20:19:17.138  INFO 2476 --- [restartedMain] .ConditionEvaluationDeltaLoggingListener : Condition evaluation unchanged
2022-06-04 20:19:22.565  INFO 2476 --- [http-nio-8089-exec-1] o.a.c.c.C.[Tomcat].[localhost].[/]       : Initializing Spring DispatcherServlet 'dispatcherServlet'
2022-06-04 20:19:22.566  INFO 2476 --- [http-nio-8089-exec-1] o.s.web.servlet.DispatcherServlet        : Initializing Servlet 'dispatcherServlet'
2022-06-04 20:19:22.566  INFO 2476 --- [http-nio-8089-exec-1] o.s.web.servlet.DispatcherServlet        : Completed initialization in 0 ms
2022-06-04 20:21:23.885  INFO 2476 --- [org.springframework.amqp.rabbit.RabbitListenerEndpointContainer#0-2] o.s.a.r.l.SimpleMessageListenerContainer : Waiting for workers to finish.
2022-06-04 20:21:23.885  INFO 2476 --- [org.springframework.amqp.rabbit.RabbitListenerEndpointContainer#1-2] o.s.a.r.l.SimpleMessageListenerContainer : Waiting for workers to finish.
2022-06-04 20:21:24.277  INFO 2476 --- [org.springframework.amqp.rabbit.RabbitListenerEndpointContainer#0-2] o.s.a.r.l.SimpleMessageListenerContainer : Successfully waited for workers to finish.
2022-06-04 20:21:24.278  INFO 2476 --- [org.springframework.amqp.rabbit.RabbitListenerEndpointContainer#1-2] o.s.a.r.l.SimpleMessageListenerContainer : Successfully waited for workers to finish.
2022-06-04 20:21:24.321  INFO 2476 --- [SpringApplicationShutdownHook] o.s.a.r.l.SimpleMessageListenerContainer : Shutdown ignored - container is already stopped
2022-06-04 20:21:24.321  INFO 2476 --- [SpringApplicationShutdownHook] o.s.a.r.l.SimpleMessageListenerContainer : Shutdown ignored - container is already stopped
2022-06-04 20:21:24.326  INFO 2476 --- [SpringApplicationShutdownHook] com.alibaba.druid.pool.DruidDataSource   : {dataSource-5} closing ...
2022-06-04 20:21:24.327  INFO 2476 --- [SpringApplicationShutdownHook] com.alibaba.druid.pool.DruidDataSource   : {dataSource-5} closed
